<?xml version="1.0" encoding="UTF-8"?>
<!-- Generated by org.testng.reporters.JUnitReportReporter -->
<testsuite skipped="0" hostname="DESKTOP-NMOPKV1" name="com.calculator.test.testcases.CalculatorTest" tests="1" failures="0" timestamp="14 Nov 2020 08:47:17 GMT" time="19.119" errors="0">
  <testcase name="Calculate" time="19.119" classname="com.calculator.test.testcases.CalculatorTest"/>
</testsuite> <!-- com.calculator.test.testcases.CalculatorTest -->
